
==========================================================================
global place report_tns
--------------------------------------------------------------------------
tns max 0.00

==========================================================================
global place report_wns
--------------------------------------------------------------------------
wns max 0.00

==========================================================================
global place report_worst_slack
--------------------------------------------------------------------------
worst slack max 0.24

==========================================================================
global place report_clock_min_period
--------------------------------------------------------------------------
core_clock period_min = 0.22 fmax = 4556.39

==========================================================================
global place report_checks -path_delay min
--------------------------------------------------------------------------
Startpoint: dff2.Q$_SDFF_PP0_
            (rising edge-triggered flip-flop clocked by core_clock)
Endpoint: dff3.Q$_SDFF_PP0_
          (rising edge-triggered flip-flop clocked by core_clock)
Path Group: core_clock
Path Type: min

Fanout     Cap    Slew   Delay    Time   Description
-----------------------------------------------------------------------------
                  0.00    0.00    0.00   clock core_clock (rise edge)
                          0.00    0.00   clock network delay (ideal)
                  0.00    0.00    0.00 ^ dff2.Q$_SDFF_PP0_/CK (DFF_X1)
     2    3.01    0.01    0.08    0.08 v dff2.Q$_SDFF_PP0_/Q (DFF_X1)
                                         net3 (net)
                  0.01    0.00    0.08 v _15_/A2 (AND2_X2)
     1    1.25    0.00    0.03    0.11 v _15_/ZN (AND2_X2)
                                         _01_ (net)
                  0.00    0.00    0.11 v dff3.Q$_SDFF_PP0_/D (DFF_X1)
                                  0.11   data arrival time

                  0.00    0.00    0.00   clock core_clock (rise edge)
                          0.00    0.00   clock network delay (ideal)
                          0.00    0.00   clock reconvergence pessimism
                                  0.00 ^ dff3.Q$_SDFF_PP0_/CK (DFF_X1)
                          0.00    0.00   library hold time
                                  0.00   data required time
-----------------------------------------------------------------------------
                                  0.00   data required time
                                 -0.11   data arrival time
-----------------------------------------------------------------------------
                                  0.11   slack (MET)



==========================================================================
global place report_checks -path_delay max
--------------------------------------------------------------------------
Startpoint: dff4.Q$_SDFF_PP0_
            (rising edge-triggered flip-flop clocked by core_clock)
Endpoint: Q[3] (output port clocked by core_clock)
Path Group: core_clock
Path Type: max

Fanout     Cap    Slew   Delay    Time   Description
-----------------------------------------------------------------------------
                  0.00    0.00    0.00   clock core_clock (rise edge)
                          0.00    0.00   clock network delay (ideal)
                  0.00    0.00    0.00 ^ dff4.Q$_SDFF_PP0_/CK (DFF_X1)
     3    7.16    0.02    0.10    0.10 ^ dff4.Q$_SDFF_PP0_/Q (DFF_X1)
                                         net5 (net)
                  0.02    0.00    0.10 ^ output5/A (BUF_X1)
     1    3.79    0.01    0.03    0.13 ^ output5/Z (BUF_X1)
                                         Q[3] (net)
                  0.01    0.00    0.13 ^ Q[3] (out)
                                  0.13   data arrival time

                  0.00    0.46    0.46   clock core_clock (rise edge)
                          0.00    0.46   clock network delay (ideal)
                          0.00    0.46   clock reconvergence pessimism
                         -0.09    0.37   output external delay
                                  0.37   data required time
-----------------------------------------------------------------------------
                                  0.37   data required time
                                 -0.13   data arrival time
-----------------------------------------------------------------------------
                                  0.24   slack (MET)



==========================================================================
global place report_checks -unconstrained
--------------------------------------------------------------------------
Startpoint: dff4.Q$_SDFF_PP0_
            (rising edge-triggered flip-flop clocked by core_clock)
Endpoint: Q[3] (output port clocked by core_clock)
Path Group: core_clock
Path Type: max

Fanout     Cap    Slew   Delay    Time   Description
-----------------------------------------------------------------------------
                  0.00    0.00    0.00   clock core_clock (rise edge)
                          0.00    0.00   clock network delay (ideal)
                  0.00    0.00    0.00 ^ dff4.Q$_SDFF_PP0_/CK (DFF_X1)
     3    7.16    0.02    0.10    0.10 ^ dff4.Q$_SDFF_PP0_/Q (DFF_X1)
                                         net5 (net)
                  0.02    0.00    0.10 ^ output5/A (BUF_X1)
     1    3.79    0.01    0.03    0.13 ^ output5/Z (BUF_X1)
                                         Q[3] (net)
                  0.01    0.00    0.13 ^ Q[3] (out)
                                  0.13   data arrival time

                  0.00    0.46    0.46   clock core_clock (rise edge)
                          0.00    0.46   clock network delay (ideal)
                          0.00    0.46   clock reconvergence pessimism
                         -0.09    0.37   output external delay
                                  0.37   data required time
-----------------------------------------------------------------------------
                                  0.37   data required time
                                 -0.13   data arrival time
-----------------------------------------------------------------------------
                                  0.24   slack (MET)



==========================================================================
global place report_power
--------------------------------------------------------------------------
Group                  Internal  Switching    Leakage      Total
                          Power      Power      Power      Power (Watts)
----------------------------------------------------------------
Sequential             5.15e-05   2.75e-06   3.14e-07   5.46e-05  81.0%
Combinational          7.25e-06   5.23e-06   3.58e-07   1.28e-05  19.0%
Clock                  0.00e+00   0.00e+00   0.00e+00   0.00e+00   0.0%
Macro                  0.00e+00   0.00e+00   0.00e+00   0.00e+00   0.0%
Pad                    0.00e+00   0.00e+00   0.00e+00   0.00e+00   0.0%
----------------------------------------------------------------
Total                  5.87e-05   7.98e-06   6.72e-07   6.74e-05 100.0%
                          87.2%      11.8%       1.0%
