
==========================================================================
cts final report_tns
--------------------------------------------------------------------------
tns max 0.00

==========================================================================
cts final report_wns
--------------------------------------------------------------------------
wns max 0.00

==========================================================================
cts final report_worst_slack
--------------------------------------------------------------------------
worst slack max 0.19

==========================================================================
cts final report_clock_min_period
--------------------------------------------------------------------------
core_clock period_min = 0.27 fmax = 3639.42

==========================================================================
cts final report_clock_skew
--------------------------------------------------------------------------
Clock core_clock
   0.05 source latency dff3.Q$_SDFF_PP0_/CK ^
  -0.05 target latency dff4.Q$_SDFF_PP0_/CK ^
   0.00 CRPR
--------------
   0.00 setup skew


==========================================================================
cts final report_checks -path_delay min
--------------------------------------------------------------------------
Startpoint: rst (input port clocked by core_clock)
Endpoint: dff4.Q$_SDFF_PP0_
          (rising edge-triggered flip-flop clocked by core_clock)
Path Group: core_clock
Path Type: min

Fanout     Cap    Slew   Delay    Time   Description
-----------------------------------------------------------------------------
                          0.00    0.00   clock core_clock (rise edge)
                          0.00    0.00   clock network delay (propagated)
                          0.09    0.09 ^ input external delay
     1    4.58    0.00    0.00    0.09 ^ rst (in)
                                         rst (net)
                  0.00    0.00    0.09 ^ input1/A (BUF_X1)
     2    7.56    0.02    0.03    0.12 ^ input1/Z (BUF_X1)
                                         net1 (net)
                  0.02    0.00    0.13 ^ _17_/A2 (NOR2_X1)
     1    1.42    0.00    0.01    0.14 v _17_/ZN (NOR2_X1)
                                         _02_ (net)
                  0.00    0.00    0.14 v dff4.Q$_SDFF_PP0_/D (DFF_X1)
                                  0.14   data arrival time

                          0.00    0.00   clock core_clock (rise edge)
                          0.00    0.00   clock source latency
     1    8.16    0.00    0.00    0.00 ^ clk (in)
                                         clk (net)
                  0.00    0.00    0.00 ^ clkbuf_0_clk/A (CLKBUF_X3)
     2    4.32    0.01    0.03    0.03 ^ clkbuf_0_clk/Z (CLKBUF_X3)
                                         clknet_0_clk (net)
                  0.01    0.00    0.03 ^ clkbuf_1_0__f_clk/A (CLKBUF_X3)
     2    2.65    0.01    0.03    0.05 ^ clkbuf_1_0__f_clk/Z (CLKBUF_X3)
                                         clknet_1_0__leaf_clk (net)
                  0.01    0.00    0.05 ^ dff4.Q$_SDFF_PP0_/CK (DFF_X1)
                          0.00    0.05   clock reconvergence pessimism
                          0.00    0.06   library hold time
                                  0.06   data required time
-----------------------------------------------------------------------------
                                  0.06   data required time
                                 -0.14   data arrival time
-----------------------------------------------------------------------------
                                  0.08   slack (MET)



==========================================================================
cts final report_checks -path_delay max
--------------------------------------------------------------------------
Startpoint: dff4.Q$_SDFF_PP0_
            (rising edge-triggered flip-flop clocked by core_clock)
Endpoint: Q[3] (output port clocked by core_clock)
Path Group: core_clock
Path Type: max

Fanout     Cap    Slew   Delay    Time   Description
-----------------------------------------------------------------------------
                          0.00    0.00   clock core_clock (rise edge)
                          0.00    0.00   clock source latency
     1    8.16    0.00    0.00    0.00 ^ clk (in)
                                         clk (net)
                  0.00    0.00    0.00 ^ clkbuf_0_clk/A (CLKBUF_X3)
     2    4.32    0.01    0.03    0.03 ^ clkbuf_0_clk/Z (CLKBUF_X3)
                                         clknet_0_clk (net)
                  0.01    0.00    0.03 ^ clkbuf_1_0__f_clk/A (CLKBUF_X3)
     2    2.65    0.01    0.03    0.05 ^ clkbuf_1_0__f_clk/Z (CLKBUF_X3)
                                         clknet_1_0__leaf_clk (net)
                  0.01    0.00    0.05 ^ dff4.Q$_SDFF_PP0_/CK (DFF_X1)
     3    6.19    0.02    0.10    0.15 ^ dff4.Q$_SDFF_PP0_/Q (DFF_X1)
                                         net5 (net)
                  0.02    0.00    0.15 ^ output5/A (BUF_X1)
     1    4.31    0.01    0.03    0.18 ^ output5/Z (BUF_X1)
                                         Q[3] (net)
                  0.01    0.00    0.18 ^ Q[3] (out)
                                  0.18   data arrival time

                          0.46    0.46   clock core_clock (rise edge)
                          0.00    0.46   clock network delay (propagated)
                          0.00    0.46   clock reconvergence pessimism
                         -0.09    0.37   output external delay
                                  0.37   data required time
-----------------------------------------------------------------------------
                                  0.37   data required time
                                 -0.18   data arrival time
-----------------------------------------------------------------------------
                                  0.19   slack (MET)



==========================================================================
cts final report_checks -unconstrained
--------------------------------------------------------------------------
Startpoint: dff4.Q$_SDFF_PP0_
            (rising edge-triggered flip-flop clocked by core_clock)
Endpoint: Q[3] (output port clocked by core_clock)
Path Group: core_clock
Path Type: max

Fanout     Cap    Slew   Delay    Time   Description
-----------------------------------------------------------------------------
                          0.00    0.00   clock core_clock (rise edge)
                          0.00    0.00   clock source latency
     1    8.16    0.00    0.00    0.00 ^ clk (in)
                                         clk (net)
                  0.00    0.00    0.00 ^ clkbuf_0_clk/A (CLKBUF_X3)
     2    4.32    0.01    0.03    0.03 ^ clkbuf_0_clk/Z (CLKBUF_X3)
                                         clknet_0_clk (net)
                  0.01    0.00    0.03 ^ clkbuf_1_0__f_clk/A (CLKBUF_X3)
     2    2.65    0.01    0.03    0.05 ^ clkbuf_1_0__f_clk/Z (CLKBUF_X3)
                                         clknet_1_0__leaf_clk (net)
                  0.01    0.00    0.05 ^ dff4.Q$_SDFF_PP0_/CK (DFF_X1)
     3    6.19    0.02    0.10    0.15 ^ dff4.Q$_SDFF_PP0_/Q (DFF_X1)
                                         net5 (net)
                  0.02    0.00    0.15 ^ output5/A (BUF_X1)
     1    4.31    0.01    0.03    0.18 ^ output5/Z (BUF_X1)
                                         Q[3] (net)
                  0.01    0.00    0.18 ^ Q[3] (out)
                                  0.18   data arrival time

                          0.46    0.46   clock core_clock (rise edge)
                          0.00    0.46   clock network delay (propagated)
                          0.00    0.46   clock reconvergence pessimism
                         -0.09    0.37   output external delay
                                  0.37   data required time
-----------------------------------------------------------------------------
                                  0.37   data required time
                                 -0.18   data arrival time
-----------------------------------------------------------------------------
                                  0.19   slack (MET)



==========================================================================
cts final report_check_types -max_slew -max_cap -max_fanout -violators
--------------------------------------------------------------------------

==========================================================================
cts final max_slew_check_slack
--------------------------------------------------------------------------
0.17917971312999725

==========================================================================
cts final max_slew_check_limit
--------------------------------------------------------------------------
0.1985349953174591

==========================================================================
cts final max_slew_check_slack_limit
--------------------------------------------------------------------------
0.9025

==========================================================================
cts final max_fanout_check_slack
--------------------------------------------------------------------------
1.0000000150474662e+30

==========================================================================
cts final max_fanout_check_limit
--------------------------------------------------------------------------
1.0000000150474662e+30

==========================================================================
cts final max_capacitance_check_slack
--------------------------------------------------------------------------
25.201068878173828

==========================================================================
cts final max_capacitance_check_limit
--------------------------------------------------------------------------
26.702899932861328

==========================================================================
cts final max_capacitance_check_slack_limit
--------------------------------------------------------------------------
0.9438

==========================================================================
cts final max_slew_violation_count
--------------------------------------------------------------------------
max slew violation count 0

==========================================================================
cts final max_fanout_violation_count
--------------------------------------------------------------------------
max fanout violation count 0

==========================================================================
cts final max_cap_violation_count
--------------------------------------------------------------------------
max cap violation count 0

==========================================================================
cts final setup_violation_count
--------------------------------------------------------------------------
setup violation count 0

==========================================================================
cts final hold_violation_count
--------------------------------------------------------------------------
hold violation count 0

==========================================================================
cts final report_checks -path_delay max reg to reg
--------------------------------------------------------------------------
Startpoint: dff4.Q$_SDFF_PP0_
            (rising edge-triggered flip-flop clocked by core_clock)
Endpoint: dff1.Q$_SDFF_PP1_
          (rising edge-triggered flip-flop clocked by core_clock)
Path Group: core_clock
Path Type: max

  Delay    Time   Description
---------------------------------------------------------
   0.00    0.00   clock core_clock (rise edge)
   0.00    0.00   clock source latency
   0.00    0.00 ^ clk (in)
   0.03    0.03 ^ clkbuf_0_clk/Z (CLKBUF_X3)
   0.03    0.05 ^ clkbuf_1_0__f_clk/Z (CLKBUF_X3)
   0.00    0.05 ^ dff4.Q$_SDFF_PP0_/CK (DFF_X1)
   0.10    0.15 ^ dff4.Q$_SDFF_PP0_/Q (DFF_X1)
   0.01    0.16 v _18_/ZN (INV_X1)
   0.02    0.18 ^ _19_/ZN (NAND2_X1)
   0.02    0.19 v _21_/ZN (NAND3_X1)
   0.00    0.19 v dff1.Q$_SDFF_PP1_/D (DFF_X1)
           0.19   data arrival time

   0.46    0.46   clock core_clock (rise edge)
   0.00    0.46   clock source latency
   0.00    0.46 ^ clk (in)
   0.03    0.49 ^ clkbuf_0_clk/Z (CLKBUF_X3)
   0.03    0.51 ^ clkbuf_1_0__f_clk/Z (CLKBUF_X3)
   0.00    0.51 ^ dff1.Q$_SDFF_PP1_/CK (DFF_X1)
   0.00    0.51   clock reconvergence pessimism
  -0.04    0.48   library setup time
           0.48   data required time
---------------------------------------------------------
           0.48   data required time
          -0.19   data arrival time
---------------------------------------------------------
           0.28   slack (MET)



==========================================================================
cts final report_checks -path_delay min reg to reg
--------------------------------------------------------------------------
Startpoint: dff2.Q$_SDFF_PP0_
            (rising edge-triggered flip-flop clocked by core_clock)
Endpoint: dff3.Q$_SDFF_PP0_
          (rising edge-triggered flip-flop clocked by core_clock)
Path Group: core_clock
Path Type: min

  Delay    Time   Description
---------------------------------------------------------
   0.00    0.00   clock core_clock (rise edge)
   0.00    0.00   clock source latency
   0.00    0.00 ^ clk (in)
   0.03    0.03 ^ clkbuf_0_clk/Z (CLKBUF_X3)
   0.03    0.05 ^ clkbuf_1_1__f_clk/Z (CLKBUF_X3)
   0.00    0.05 ^ dff2.Q$_SDFF_PP0_/CK (DFF_X1)
   0.08    0.14 v dff2.Q$_SDFF_PP0_/Q (DFF_X1)
   0.03    0.16 v _15_/ZN (AND2_X2)
   0.00    0.16 v dff3.Q$_SDFF_PP0_/D (DFF_X1)
           0.16   data arrival time

   0.00    0.00   clock core_clock (rise edge)
   0.00    0.00   clock source latency
   0.00    0.00 ^ clk (in)
   0.03    0.03 ^ clkbuf_0_clk/Z (CLKBUF_X3)
   0.03    0.05 ^ clkbuf_1_1__f_clk/Z (CLKBUF_X3)
   0.00    0.05 ^ dff3.Q$_SDFF_PP0_/CK (DFF_X1)
   0.00    0.05   clock reconvergence pessimism
   0.00    0.06   library hold time
           0.06   data required time
---------------------------------------------------------
           0.06   data required time
          -0.16   data arrival time
---------------------------------------------------------
           0.11   slack (MET)



==========================================================================
cts final critical path target clock latency max path
--------------------------------------------------------------------------
0.0537

==========================================================================
cts final critical path target clock latency min path
--------------------------------------------------------------------------
0.0537

==========================================================================
cts final critical path source clock latency min path
--------------------------------------------------------------------------
0.0000

==========================================================================
cts final critical path delay
--------------------------------------------------------------------------
0.1828

==========================================================================
cts final critical path slack
--------------------------------------------------------------------------
0.1852

==========================================================================
cts final slack div critical path delay
--------------------------------------------------------------------------
101.312910

==========================================================================
cts final report_power
--------------------------------------------------------------------------
Group                  Internal  Switching    Leakage      Total
                          Power      Power      Power      Power (Watts)
----------------------------------------------------------------
Sequential             5.11e-05   2.76e-06   3.14e-07   5.42e-05  35.1%
Combinational          7.25e-06   5.20e-06   3.58e-07   1.28e-05   8.3%
Clock                  6.18e-05   2.54e-05   9.17e-08   8.73e-05  56.6%
Macro                  0.00e+00   0.00e+00   0.00e+00   0.00e+00   0.0%
Pad                    0.00e+00   0.00e+00   0.00e+00   0.00e+00   0.0%
----------------------------------------------------------------
Total                  1.20e-04   3.34e-05   7.63e-07   1.54e-04 100.0%
                          77.9%      21.6%       0.5%
