
==========================================================================
finish report_tns
--------------------------------------------------------------------------
tns max 0.00

==========================================================================
finish report_wns
--------------------------------------------------------------------------
wns max 0.00

==========================================================================
finish report_worst_slack
--------------------------------------------------------------------------
worst slack max 0.19

==========================================================================
finish report_clock_min_period
--------------------------------------------------------------------------
core_clock period_min = 0.27 fmax = 3723.61

==========================================================================
finish report_clock_skew
--------------------------------------------------------------------------
Clock core_clock
   0.05 source latency dff3.Q$_SDFF_PP0_/CK ^
  -0.05 target latency dff1.Q$_SDFF_PP1_/CK ^
   0.00 CRPR
--------------
  -0.00 setup skew


==========================================================================
finish report_checks -path_delay min
--------------------------------------------------------------------------
Startpoint: rst (input port clocked by core_clock)
Endpoint: dff4.Q$_SDFF_PP0_
          (rising edge-triggered flip-flop clocked by core_clock)
Path Group: core_clock
Path Type: min

Fanout     Cap    Slew   Delay    Time   Description
-----------------------------------------------------------------------------
                          0.00    0.00   clock core_clock (rise edge)
                          0.00    0.00   clock network delay (propagated)
                          0.09    0.09 ^ input external delay
     1    3.33    0.00    0.00    0.09 ^ rst (in)
                                         rst (net)
                  0.00    0.00    0.09 ^ input1/A (BUF_X1)
     2    6.68    0.02    0.03    0.12 ^ input1/Z (BUF_X1)
                                         net1 (net)
                  0.02    0.00    0.12 ^ _17_/A2 (NOR2_X1)
     1    1.30    0.00    0.01    0.13 v _17_/ZN (NOR2_X1)
                                         _02_ (net)
                  0.00    0.00    0.13 v dff4.Q$_SDFF_PP0_/D (DFF_X1)
                                  0.13   data arrival time

                          0.00    0.00   clock core_clock (rise edge)
                          0.00    0.00   clock source latency
     1    5.59    0.00    0.00    0.00 ^ clk (in)
                                         clk (net)
                  0.00    0.00    0.00 ^ clkbuf_0_clk/A (CLKBUF_X3)
     2    3.89    0.01    0.03    0.03 ^ clkbuf_0_clk/Z (CLKBUF_X3)
                                         clknet_0_clk (net)
                  0.01    0.00    0.03 ^ clkbuf_1_0__f_clk/A (CLKBUF_X3)
     2    2.45    0.01    0.03    0.05 ^ clkbuf_1_0__f_clk/Z (CLKBUF_X3)
                                         clknet_1_0__leaf_clk (net)
                  0.01    0.00    0.05 ^ dff4.Q$_SDFF_PP0_/CK (DFF_X1)
                          0.00    0.05   clock reconvergence pessimism
                          0.00    0.06   library hold time
                                  0.06   data required time
-----------------------------------------------------------------------------
                                  0.06   data required time
                                 -0.13   data arrival time
-----------------------------------------------------------------------------
                                  0.08   slack (MET)



==========================================================================
finish report_checks -path_delay max
--------------------------------------------------------------------------
Startpoint: dff4.Q$_SDFF_PP0_
            (rising edge-triggered flip-flop clocked by core_clock)
Endpoint: Q[3] (output port clocked by core_clock)
Path Group: core_clock
Path Type: max

Fanout     Cap    Slew   Delay    Time   Description
-----------------------------------------------------------------------------
                          0.00    0.00   clock core_clock (rise edge)
                          0.00    0.00   clock source latency
     1    5.59    0.00    0.00    0.00 ^ clk (in)
                                         clk (net)
                  0.00    0.00    0.00 ^ clkbuf_0_clk/A (CLKBUF_X3)
     2    3.89    0.01    0.03    0.03 ^ clkbuf_0_clk/Z (CLKBUF_X3)
                                         clknet_0_clk (net)
                  0.01    0.00    0.03 ^ clkbuf_1_0__f_clk/A (CLKBUF_X3)
     2    2.45    0.01    0.03    0.05 ^ clkbuf_1_0__f_clk/Z (CLKBUF_X3)
                                         clknet_1_0__leaf_clk (net)
                  0.01    0.00    0.05 ^ dff4.Q$_SDFF_PP0_/CK (DFF_X1)
     3    5.53    0.02    0.10    0.15 ^ dff4.Q$_SDFF_PP0_/Q (DFF_X1)
                                         net5 (net)
                  0.02    0.00    0.15 ^ output5/A (BUF_X1)
     1    2.84    0.01    0.03    0.18 ^ output5/Z (BUF_X1)
                                         Q[3] (net)
                  0.01    0.00    0.18 ^ Q[3] (out)
                                  0.18   data arrival time

                          0.46    0.46   clock core_clock (rise edge)
                          0.00    0.46   clock network delay (propagated)
                          0.00    0.46   clock reconvergence pessimism
                         -0.09    0.37   output external delay
                                  0.37   data required time
-----------------------------------------------------------------------------
                                  0.37   data required time
                                 -0.18   data arrival time
-----------------------------------------------------------------------------
                                  0.19   slack (MET)



==========================================================================
finish report_checks -unconstrained
--------------------------------------------------------------------------
Startpoint: dff4.Q$_SDFF_PP0_
            (rising edge-triggered flip-flop clocked by core_clock)
Endpoint: Q[3] (output port clocked by core_clock)
Path Group: core_clock
Path Type: max

Fanout     Cap    Slew   Delay    Time   Description
-----------------------------------------------------------------------------
                          0.00    0.00   clock core_clock (rise edge)
                          0.00    0.00   clock source latency
     1    5.59    0.00    0.00    0.00 ^ clk (in)
                                         clk (net)
                  0.00    0.00    0.00 ^ clkbuf_0_clk/A (CLKBUF_X3)
     2    3.89    0.01    0.03    0.03 ^ clkbuf_0_clk/Z (CLKBUF_X3)
                                         clknet_0_clk (net)
                  0.01    0.00    0.03 ^ clkbuf_1_0__f_clk/A (CLKBUF_X3)
     2    2.45    0.01    0.03    0.05 ^ clkbuf_1_0__f_clk/Z (CLKBUF_X3)
                                         clknet_1_0__leaf_clk (net)
                  0.01    0.00    0.05 ^ dff4.Q$_SDFF_PP0_/CK (DFF_X1)
     3    5.53    0.02    0.10    0.15 ^ dff4.Q$_SDFF_PP0_/Q (DFF_X1)
                                         net5 (net)
                  0.02    0.00    0.15 ^ output5/A (BUF_X1)
     1    2.84    0.01    0.03    0.18 ^ output5/Z (BUF_X1)
                                         Q[3] (net)
                  0.01    0.00    0.18 ^ Q[3] (out)
                                  0.18   data arrival time

                          0.46    0.46   clock core_clock (rise edge)
                          0.00    0.46   clock network delay (propagated)
                          0.00    0.46   clock reconvergence pessimism
                         -0.09    0.37   output external delay
                                  0.37   data required time
-----------------------------------------------------------------------------
                                  0.37   data required time
                                 -0.18   data arrival time
-----------------------------------------------------------------------------
                                  0.19   slack (MET)



==========================================================================
finish report_check_types -max_slew -max_cap -max_fanout -violators
--------------------------------------------------------------------------

==========================================================================
finish max_slew_check_slack
--------------------------------------------------------------------------
0.18111926317214966

==========================================================================
finish max_slew_check_limit
--------------------------------------------------------------------------
0.1985349953174591

==========================================================================
finish max_slew_check_slack_limit
--------------------------------------------------------------------------
0.9123

==========================================================================
finish max_fanout_check_slack
--------------------------------------------------------------------------
1.0000000150474662e+30

==========================================================================
finish max_fanout_check_limit
--------------------------------------------------------------------------
1.0000000150474662e+30

==========================================================================
finish max_capacitance_check_slack
--------------------------------------------------------------------------
25.325237274169922

==========================================================================
finish max_capacitance_check_limit
--------------------------------------------------------------------------
26.702899932861328

==========================================================================
finish max_capacitance_check_slack_limit
--------------------------------------------------------------------------
0.9484

==========================================================================
finish max_slew_violation_count
--------------------------------------------------------------------------
max slew violation count 0

==========================================================================
finish max_fanout_violation_count
--------------------------------------------------------------------------
max fanout violation count 0

==========================================================================
finish max_cap_violation_count
--------------------------------------------------------------------------
max cap violation count 0

==========================================================================
finish setup_violation_count
--------------------------------------------------------------------------
setup violation count 0

==========================================================================
finish hold_violation_count
--------------------------------------------------------------------------
hold violation count 0

==========================================================================
finish report_checks -path_delay max reg to reg
--------------------------------------------------------------------------
Startpoint: dff4.Q$_SDFF_PP0_
            (rising edge-triggered flip-flop clocked by core_clock)
Endpoint: dff1.Q$_SDFF_PP1_
          (rising edge-triggered flip-flop clocked by core_clock)
Path Group: core_clock
Path Type: max

  Delay    Time   Description
---------------------------------------------------------
   0.00    0.00   clock core_clock (rise edge)
   0.00    0.00   clock source latency
   0.00    0.00 ^ clk (in)
   0.03    0.03 ^ clkbuf_0_clk/Z (CLKBUF_X3)
   0.03    0.05 ^ clkbuf_1_0__f_clk/Z (CLKBUF_X3)
   0.00    0.05 ^ dff4.Q$_SDFF_PP0_/CK (DFF_X1)
   0.10    0.15 ^ dff4.Q$_SDFF_PP0_/Q (DFF_X1)
   0.01    0.16 v _18_/ZN (INV_X1)
   0.02    0.17 ^ _19_/ZN (NAND2_X1)
   0.02    0.19 v _21_/ZN (NAND3_X1)
   0.00    0.19 v dff1.Q$_SDFF_PP1_/D (DFF_X1)
           0.19   data arrival time

   0.46    0.46   clock core_clock (rise edge)
   0.00    0.46   clock source latency
   0.00    0.46 ^ clk (in)
   0.03    0.49 ^ clkbuf_0_clk/Z (CLKBUF_X3)
   0.03    0.51 ^ clkbuf_1_0__f_clk/Z (CLKBUF_X3)
   0.00    0.51 ^ dff1.Q$_SDFF_PP1_/CK (DFF_X1)
   0.00    0.51   clock reconvergence pessimism
  -0.04    0.47   library setup time
           0.47   data required time
---------------------------------------------------------
           0.47   data required time
          -0.19   data arrival time
---------------------------------------------------------
           0.29   slack (MET)



==========================================================================
finish report_checks -path_delay min reg to reg
--------------------------------------------------------------------------
Startpoint: dff2.Q$_SDFF_PP0_
            (rising edge-triggered flip-flop clocked by core_clock)
Endpoint: dff3.Q$_SDFF_PP0_
          (rising edge-triggered flip-flop clocked by core_clock)
Path Group: core_clock
Path Type: min

  Delay    Time   Description
---------------------------------------------------------
   0.00    0.00   clock core_clock (rise edge)
   0.00    0.00   clock source latency
   0.00    0.00 ^ clk (in)
   0.03    0.03 ^ clkbuf_0_clk/Z (CLKBUF_X3)
   0.03    0.05 ^ clkbuf_1_1__f_clk/Z (CLKBUF_X3)
   0.00    0.05 ^ dff2.Q$_SDFF_PP0_/CK (DFF_X1)
   0.08    0.14 v dff2.Q$_SDFF_PP0_/Q (DFF_X1)
   0.03    0.16 v _15_/ZN (AND2_X2)
   0.00    0.16 v dff3.Q$_SDFF_PP0_/D (DFF_X1)
           0.16   data arrival time

   0.00    0.00   clock core_clock (rise edge)
   0.00    0.00   clock source latency
   0.00    0.00 ^ clk (in)
   0.03    0.03 ^ clkbuf_0_clk/Z (CLKBUF_X3)
   0.03    0.05 ^ clkbuf_1_1__f_clk/Z (CLKBUF_X3)
   0.00    0.05 ^ dff3.Q$_SDFF_PP0_/CK (DFF_X1)
   0.00    0.05   clock reconvergence pessimism
   0.00    0.06   library hold time
           0.06   data required time
---------------------------------------------------------
           0.06   data required time
          -0.16   data arrival time
---------------------------------------------------------
           0.11   slack (MET)



==========================================================================
finish critical path target clock latency max path
--------------------------------------------------------------------------
0.0529

==========================================================================
finish critical path target clock latency min path
--------------------------------------------------------------------------
0.0529

==========================================================================
finish critical path source clock latency min path
--------------------------------------------------------------------------
0.0000

==========================================================================
finish critical path delay
--------------------------------------------------------------------------
0.1766

==========================================================================
finish critical path slack
--------------------------------------------------------------------------
0.1914

==========================================================================
finish slack div critical path delay
--------------------------------------------------------------------------
108.380521

==========================================================================
finish report_power
--------------------------------------------------------------------------
Group                  Internal  Switching    Leakage      Total
                          Power      Power      Power      Power (Watts)
----------------------------------------------------------------
Sequential             5.11e-05   2.52e-06   3.14e-07   5.39e-05  35.8%
Combinational          7.20e-06   4.53e-06   3.58e-07   1.21e-05   8.0%
Clock                  6.14e-05   2.31e-05   9.17e-08   8.46e-05  56.2%
Macro                  0.00e+00   0.00e+00   0.00e+00   0.00e+00   0.0%
Pad                    0.00e+00   0.00e+00   0.00e+00   0.00e+00   0.0%
----------------------------------------------------------------
Total                  1.20e-04   3.02e-05   7.63e-07   1.51e-04 100.0%
                          79.5%      20.0%       0.5%
