
==========================================================================
floorplan final report_tns
--------------------------------------------------------------------------
tns max 0.00

==========================================================================
floorplan final report_wns
--------------------------------------------------------------------------
wns max 0.00

==========================================================================
floorplan final report_worst_slack
--------------------------------------------------------------------------
worst slack max 0.22

==========================================================================
floorplan final report_clock_min_period
--------------------------------------------------------------------------
core_clock period_min = 0.24 fmax = 4085.27

==========================================================================
floorplan final report_checks -path_delay min
--------------------------------------------------------------------------
Startpoint: rst (input port clocked by core_clock)
Endpoint: dff0.Q$_DFFE_PP0N_
          (removal check against rising-edge clock core_clock)
Path Group: asynchronous
Path Type: min

Fanout     Cap    Slew   Delay    Time   Description
-----------------------------------------------------------------------------
                  0.00    0.00    0.00   clock core_clock (rise edge)
                          0.00    0.00   clock network delay (ideal)
                          0.09    0.09 v input external delay
     1    1.55    0.00    0.00    0.09 v rst (in)
                                         rst (net)
                  0.00    0.00    0.09 v _64_/A (INV_X1)
     4    7.11    0.02    0.02    0.11 ^ _64_/ZN (INV_X1)
                                         _00_ (net)
                  0.02    0.00    0.11 ^ dff0.Q$_DFFE_PP0N_/RN (DFFR_X1)
                                  0.11   data arrival time

                  0.00    0.00    0.00   clock core_clock (rise edge)
                          0.00    0.00   clock network delay (ideal)
                          0.00    0.00   clock reconvergence pessimism
                                  0.00 ^ dff0.Q$_DFFE_PP0N_/CK (DFFR_X1)
                          0.20    0.20   library removal time
                                  0.20   data required time
-----------------------------------------------------------------------------
                                  0.20   data required time
                                 -0.11   data arrival time
-----------------------------------------------------------------------------
                                 -0.09   slack (VIOLATED)


Startpoint: ls_bit (input port clocked by core_clock)
Endpoint: dff3.Q$_DFFE_PP0N_
          (rising edge-triggered flip-flop clocked by core_clock)
Path Group: core_clock
Path Type: min

Fanout     Cap    Slew   Delay    Time   Description
-----------------------------------------------------------------------------
                  0.00    0.00    0.00   clock core_clock (rise edge)
                          0.00    0.00   clock network delay (ideal)
                          0.09    0.09 ^ input external delay
     1    1.57    0.00    0.00    0.09 ^ ls_bit (in)
                                         ls_bit (net)
                  0.00    0.00    0.09 ^ _55_/B2 (OAI21_X1)
     1    2.95    0.01    0.02    0.11 v _55_/ZN (OAI21_X1)
                                         _21_ (net)
                  0.01    0.00    0.11 v _56_/B2 (AOI21_X2)
     1    1.13    0.01    0.02    0.13 ^ _56_/ZN (AOI21_X2)
                                         _02_ (net)
                  0.01    0.00    0.13 ^ dff3.Q$_DFFE_PP0N_/D (DFFR_X1)
                                  0.13   data arrival time

                  0.00    0.00    0.00   clock core_clock (rise edge)
                          0.00    0.00   clock network delay (ideal)
                          0.00    0.00   clock reconvergence pessimism
                                  0.00 ^ dff3.Q$_DFFE_PP0N_/CK (DFFR_X1)
                          0.01    0.01   library hold time
                                  0.01   data required time
-----------------------------------------------------------------------------
                                  0.01   data required time
                                 -0.13   data arrival time
-----------------------------------------------------------------------------
                                  0.13   slack (MET)



==========================================================================
floorplan final report_checks -path_delay max
--------------------------------------------------------------------------
Startpoint: rst (input port clocked by core_clock)
Endpoint: dff0.Q$_DFFE_PP0N_
          (recovery check against rising-edge clock core_clock)
Path Group: asynchronous
Path Type: max

Fanout     Cap    Slew   Delay    Time   Description
-----------------------------------------------------------------------------
                  0.00    0.00    0.00   clock core_clock (rise edge)
                          0.00    0.00   clock network delay (ideal)
                          0.09    0.09 v input external delay
     1    1.55    0.00    0.00    0.09 v rst (in)
                                         rst (net)
                  0.00    0.00    0.09 v _64_/A (INV_X1)
     4    7.11    0.02    0.02    0.11 ^ _64_/ZN (INV_X1)
                                         _00_ (net)
                  0.02    0.00    0.11 ^ dff0.Q$_DFFE_PP0N_/RN (DFFR_X1)
                                  0.11   data arrival time

                  0.00    0.46    0.46   clock core_clock (rise edge)
                          0.00    0.46   clock network delay (ideal)
                          0.00    0.46   clock reconvergence pessimism
                                  0.46 ^ dff0.Q$_DFFE_PP0N_/CK (DFFR_X1)
                          0.05    0.51   library recovery time
                                  0.51   data required time
-----------------------------------------------------------------------------
                                  0.51   data required time
                                 -0.11   data arrival time
-----------------------------------------------------------------------------
                                  0.40   slack (MET)


Startpoint: S[0] (input port clocked by core_clock)
Endpoint: dff1.Q$_DFFE_PP0N_
          (rising edge-triggered flip-flop clocked by core_clock)
Path Group: core_clock
Path Type: max

Fanout     Cap    Slew   Delay    Time   Description
-----------------------------------------------------------------------------
                  0.00    0.00    0.00   clock core_clock (rise edge)
                          0.00    0.00   clock network delay (ideal)
                          0.09    0.09 v input external delay
     1    3.00    0.00    0.00    0.09 v S[0] (in)
                                         S[0] (net)
                  0.00    0.00    0.09 v _40_/A (BUF_X4)
     5   16.83    0.01    0.02    0.12 v _40_/Z (BUF_X4)
                                         _07_ (net)
                  0.01    0.00    0.12 v _41_/A (INV_X8)
     8   17.63    0.01    0.01    0.13 ^ _41_/ZN (INV_X8)
                                         _08_ (net)
                  0.01    0.00    0.13 ^ _46_/A2 (NAND2_X4)
     4    5.66    0.01    0.01    0.14 v _46_/ZN (NAND2_X4)
                                         _13_ (net)
                  0.01    0.00    0.14 v _69_/A1 (OR2_X2)
     1    3.14    0.01    0.04    0.18 v _69_/ZN (OR2_X2)
                                         _32_ (net)
                  0.01    0.00    0.18 v _70_/A2 (NAND2_X2)
     1    3.25    0.01    0.02    0.20 ^ _70_/ZN (NAND2_X2)
                                         _33_ (net)
                  0.01    0.00    0.20 ^ _71_/A (INV_X2)
     1    1.05    0.00    0.01    0.21 v _71_/ZN (INV_X2)
                                         _04_ (net)
                  0.00    0.00    0.21 v dff1.Q$_DFFE_PP0N_/D (DFFR_X1)
                                  0.21   data arrival time

                  0.00    0.46    0.46   clock core_clock (rise edge)
                          0.00    0.46   clock network delay (ideal)
                          0.00    0.46   clock reconvergence pessimism
                                  0.46 ^ dff1.Q$_DFFE_PP0N_/CK (DFFR_X1)
                         -0.04    0.42   library setup time
                                  0.42   data required time
-----------------------------------------------------------------------------
                                  0.42   data required time
                                 -0.21   data arrival time
-----------------------------------------------------------------------------
                                  0.22   slack (MET)



==========================================================================
floorplan final report_checks -unconstrained
--------------------------------------------------------------------------
Startpoint: rst (input port clocked by core_clock)
Endpoint: dff0.Q$_DFFE_PP0N_
          (recovery check against rising-edge clock core_clock)
Path Group: asynchronous
Path Type: max

Fanout     Cap    Slew   Delay    Time   Description
-----------------------------------------------------------------------------
                  0.00    0.00    0.00   clock core_clock (rise edge)
                          0.00    0.00   clock network delay (ideal)
                          0.09    0.09 v input external delay
     1    1.55    0.00    0.00    0.09 v rst (in)
                                         rst (net)
                  0.00    0.00    0.09 v _64_/A (INV_X1)
     4    7.11    0.02    0.02    0.11 ^ _64_/ZN (INV_X1)
                                         _00_ (net)
                  0.02    0.00    0.11 ^ dff0.Q$_DFFE_PP0N_/RN (DFFR_X1)
                                  0.11   data arrival time

                  0.00    0.46    0.46   clock core_clock (rise edge)
                          0.00    0.46   clock network delay (ideal)
                          0.00    0.46   clock reconvergence pessimism
                                  0.46 ^ dff0.Q$_DFFE_PP0N_/CK (DFFR_X1)
                          0.05    0.51   library recovery time
                                  0.51   data required time
-----------------------------------------------------------------------------
                                  0.51   data required time
                                 -0.11   data arrival time
-----------------------------------------------------------------------------
                                  0.40   slack (MET)


Startpoint: S[0] (input port clocked by core_clock)
Endpoint: dff1.Q$_DFFE_PP0N_
          (rising edge-triggered flip-flop clocked by core_clock)
Path Group: core_clock
Path Type: max

Fanout     Cap    Slew   Delay    Time   Description
-----------------------------------------------------------------------------
                  0.00    0.00    0.00   clock core_clock (rise edge)
                          0.00    0.00   clock network delay (ideal)
                          0.09    0.09 v input external delay
     1    3.00    0.00    0.00    0.09 v S[0] (in)
                                         S[0] (net)
                  0.00    0.00    0.09 v _40_/A (BUF_X4)
     5   16.83    0.01    0.02    0.12 v _40_/Z (BUF_X4)
                                         _07_ (net)
                  0.01    0.00    0.12 v _41_/A (INV_X8)
     8   17.63    0.01    0.01    0.13 ^ _41_/ZN (INV_X8)
                                         _08_ (net)
                  0.01    0.00    0.13 ^ _46_/A2 (NAND2_X4)
     4    5.66    0.01    0.01    0.14 v _46_/ZN (NAND2_X4)
                                         _13_ (net)
                  0.01    0.00    0.14 v _69_/A1 (OR2_X2)
     1    3.14    0.01    0.04    0.18 v _69_/ZN (OR2_X2)
                                         _32_ (net)
                  0.01    0.00    0.18 v _70_/A2 (NAND2_X2)
     1    3.25    0.01    0.02    0.20 ^ _70_/ZN (NAND2_X2)
                                         _33_ (net)
                  0.01    0.00    0.20 ^ _71_/A (INV_X2)
     1    1.05    0.00    0.01    0.21 v _71_/ZN (INV_X2)
                                         _04_ (net)
                  0.00    0.00    0.21 v dff1.Q$_DFFE_PP0N_/D (DFFR_X1)
                                  0.21   data arrival time

                  0.00    0.46    0.46   clock core_clock (rise edge)
                          0.00    0.46   clock network delay (ideal)
                          0.00    0.46   clock reconvergence pessimism
                                  0.46 ^ dff1.Q$_DFFE_PP0N_/CK (DFFR_X1)
                         -0.04    0.42   library setup time
                                  0.42   data required time
-----------------------------------------------------------------------------
                                  0.42   data required time
                                 -0.21   data arrival time
-----------------------------------------------------------------------------
                                  0.22   slack (MET)



==========================================================================
floorplan final report_power
--------------------------------------------------------------------------
Group                  Internal  Switching    Leakage      Total
                          Power      Power      Power      Power (Watts)
----------------------------------------------------------------
Sequential             5.54e-05   6.70e-06   3.44e-07   6.24e-05  51.3%
Combinational          3.46e-05   2.31e-05   1.44e-06   5.91e-05  48.7%
Clock                  0.00e+00   0.00e+00   0.00e+00   0.00e+00   0.0%
Macro                  0.00e+00   0.00e+00   0.00e+00   0.00e+00   0.0%
Pad                    0.00e+00   0.00e+00   0.00e+00   0.00e+00   0.0%
----------------------------------------------------------------
Total                  9.00e-05   2.98e-05   1.78e-06   1.22e-04 100.0%
                          74.0%      24.5%       1.5%
