
==========================================================================
detailed place report_tns
--------------------------------------------------------------------------
tns max 0.00

==========================================================================
detailed place report_wns
--------------------------------------------------------------------------
wns max 0.00

==========================================================================
detailed place report_worst_slack
--------------------------------------------------------------------------
worst slack max 0.17

==========================================================================
detailed place report_clock_min_period
--------------------------------------------------------------------------
core_clock period_min = 0.29 fmax = 3478.37

==========================================================================
detailed place report_checks -path_delay min
--------------------------------------------------------------------------
Startpoint: rst (input port clocked by core_clock)
Endpoint: dff2.Q$_DFFE_PP0N_
          (removal check against rising-edge clock core_clock)
Path Group: asynchronous
Path Type: min

Fanout     Cap    Slew   Delay    Time   Description
-----------------------------------------------------------------------------
                  0.00    0.00    0.00   clock core_clock (rise edge)
                          0.00    0.00   clock network delay (ideal)
                          0.09    0.09 v input external delay
     1    7.90    0.00    0.00    0.09 v rst (in)
                                         rst (net)
                  0.00    0.00    0.09 v input9/A (BUF_X1)
     1    1.70    0.01    0.02    0.12 v input9/Z (BUF_X1)
                                         net9 (net)
                  0.01    0.00    0.12 v _64_/A (INV_X1)
     4    8.24    0.02    0.03    0.14 ^ _64_/ZN (INV_X1)
                                         _00_ (net)
                  0.02    0.00    0.14 ^ dff2.Q$_DFFE_PP0N_/RN (DFFR_X1)
                                  0.14   data arrival time

                  0.00    0.00    0.00   clock core_clock (rise edge)
                          0.00    0.00   clock network delay (ideal)
                          0.00    0.00   clock reconvergence pessimism
                                  0.00 ^ dff2.Q$_DFFE_PP0N_/CK (DFFR_X1)
                          0.21    0.21   library removal time
                                  0.21   data required time
-----------------------------------------------------------------------------
                                  0.21   data required time
                                 -0.14   data arrival time
-----------------------------------------------------------------------------
                                 -0.06   slack (VIOLATED)


Startpoint: dff3.Q$_DFFE_PP0N_
            (rising edge-triggered flip-flop clocked by core_clock)
Endpoint: dff3.Q$_DFFE_PP0N_
          (rising edge-triggered flip-flop clocked by core_clock)
Path Group: core_clock
Path Type: min

Fanout     Cap    Slew   Delay    Time   Description
-----------------------------------------------------------------------------
                  0.00    0.00    0.00   clock core_clock (rise edge)
                          0.00    0.00   clock network delay (ideal)
                  0.00    0.00    0.00 ^ dff3.Q$_DFFE_PP0N_/CK (DFFR_X1)
     3    5.11    0.01    0.09    0.09 v dff3.Q$_DFFE_PP0N_/Q (DFFR_X1)
                                         net13 (net)
                  0.01    0.00    0.09 v _50_/A2 (NOR2_X1)
     1    3.23    0.02    0.04    0.13 ^ _50_/ZN (NOR2_X1)
                                         _16_ (net)
                  0.02    0.00    0.13 ^ _56_/A (AOI21_X2)
     1    1.38    0.01    0.01    0.14 v _56_/ZN (AOI21_X2)
                                         _02_ (net)
                  0.01    0.00    0.14 v dff3.Q$_DFFE_PP0N_/D (DFFR_X1)
                                  0.14   data arrival time

                  0.00    0.00    0.00   clock core_clock (rise edge)
                          0.00    0.00   clock network delay (ideal)
                          0.00    0.00   clock reconvergence pessimism
                                  0.00 ^ dff3.Q$_DFFE_PP0N_/CK (DFFR_X1)
                          0.00    0.00   library hold time
                                  0.00   data required time
-----------------------------------------------------------------------------
                                  0.00   data required time
                                 -0.14   data arrival time
-----------------------------------------------------------------------------
                                  0.14   slack (MET)



==========================================================================
detailed place report_checks -path_delay max
--------------------------------------------------------------------------
Startpoint: rst (input port clocked by core_clock)
Endpoint: dff0.Q$_DFFE_PP0N_
          (recovery check against rising-edge clock core_clock)
Path Group: asynchronous
Path Type: max

Fanout     Cap    Slew   Delay    Time   Description
-----------------------------------------------------------------------------
                  0.00    0.00    0.00   clock core_clock (rise edge)
                          0.00    0.00   clock network delay (ideal)
                          0.09    0.09 v input external delay
     1    7.90    0.00    0.00    0.09 v rst (in)
                                         rst (net)
                  0.00    0.00    0.09 v input9/A (BUF_X1)
     1    1.70    0.01    0.02    0.12 v input9/Z (BUF_X1)
                                         net9 (net)
                  0.01    0.00    0.12 v _64_/A (INV_X1)
     4    8.24    0.02    0.03    0.14 ^ _64_/ZN (INV_X1)
                                         _00_ (net)
                  0.02    0.00    0.14 ^ dff0.Q$_DFFE_PP0N_/RN (DFFR_X1)
                                  0.14   data arrival time

                  0.00    0.46    0.46   clock core_clock (rise edge)
                          0.00    0.46   clock network delay (ideal)
                          0.00    0.46   clock reconvergence pessimism
                                  0.46 ^ dff0.Q$_DFFE_PP0N_/CK (DFFR_X1)
                          0.05    0.51   library recovery time
                                  0.51   data required time
-----------------------------------------------------------------------------
                                  0.51   data required time
                                 -0.14   data arrival time
-----------------------------------------------------------------------------
                                  0.37   slack (MET)


Startpoint: S[1] (input port clocked by core_clock)
Endpoint: dff1.Q$_DFFE_PP0N_
          (rising edge-triggered flip-flop clocked by core_clock)
Path Group: core_clock
Path Type: max

Fanout     Cap    Slew   Delay    Time   Description
-----------------------------------------------------------------------------
                  0.00    0.00    0.00   clock core_clock (rise edge)
                          0.00    0.00   clock network delay (ideal)
                          0.09    0.09 ^ input external delay
     1    7.78    0.00    0.00    0.09 ^ S[1] (in)
                                         S[1] (net)
                  0.00    0.00    0.09 ^ input6/A (BUF_X1)
     8   24.82    0.06    0.07    0.17 ^ input6/Z (BUF_X1)
                                         net6 (net)
                  0.06    0.00    0.17 ^ _39_/A (INV_X8)
     6   14.48    0.01    0.01    0.18 v _39_/ZN (INV_X8)
                                         _06_ (net)
                  0.01    0.00    0.18 v _65_/A (OAI21_X1)
     1    1.70    0.02    0.02    0.20 ^ _65_/ZN (OAI21_X1)
                                         _28_ (net)
                  0.02    0.00    0.20 ^ _68_/A1 (NAND3_X1)
     1    3.17    0.01    0.02    0.23 v _68_/ZN (NAND3_X1)
                                         _31_ (net)
                  0.01    0.00    0.23 v _70_/A1 (NAND2_X2)
     1    3.32    0.01    0.02    0.24 ^ _70_/ZN (NAND2_X2)
                                         _33_ (net)
                  0.01    0.00    0.24 ^ _71_/A (INV_X2)
     1    1.41    0.00    0.01    0.25 v _71_/ZN (INV_X2)
                                         _04_ (net)
                  0.00    0.00    0.25 v dff1.Q$_DFFE_PP0N_/D (DFFR_X1)
                                  0.25   data arrival time

                  0.00    0.46    0.46   clock core_clock (rise edge)
                          0.00    0.46   clock network delay (ideal)
                          0.00    0.46   clock reconvergence pessimism
                                  0.46 ^ dff1.Q$_DFFE_PP0N_/CK (DFFR_X1)
                         -0.04    0.42   library setup time
                                  0.42   data required time
-----------------------------------------------------------------------------
                                  0.42   data required time
                                 -0.25   data arrival time
-----------------------------------------------------------------------------
                                  0.17   slack (MET)



==========================================================================
detailed place report_checks -unconstrained
--------------------------------------------------------------------------
Startpoint: rst (input port clocked by core_clock)
Endpoint: dff0.Q$_DFFE_PP0N_
          (recovery check against rising-edge clock core_clock)
Path Group: asynchronous
Path Type: max

Fanout     Cap    Slew   Delay    Time   Description
-----------------------------------------------------------------------------
                  0.00    0.00    0.00   clock core_clock (rise edge)
                          0.00    0.00   clock network delay (ideal)
                          0.09    0.09 v input external delay
     1    7.90    0.00    0.00    0.09 v rst (in)
                                         rst (net)
                  0.00    0.00    0.09 v input9/A (BUF_X1)
     1    1.70    0.01    0.02    0.12 v input9/Z (BUF_X1)
                                         net9 (net)
                  0.01    0.00    0.12 v _64_/A (INV_X1)
     4    8.24    0.02    0.03    0.14 ^ _64_/ZN (INV_X1)
                                         _00_ (net)
                  0.02    0.00    0.14 ^ dff0.Q$_DFFE_PP0N_/RN (DFFR_X1)
                                  0.14   data arrival time

                  0.00    0.46    0.46   clock core_clock (rise edge)
                          0.00    0.46   clock network delay (ideal)
                          0.00    0.46   clock reconvergence pessimism
                                  0.46 ^ dff0.Q$_DFFE_PP0N_/CK (DFFR_X1)
                          0.05    0.51   library recovery time
                                  0.51   data required time
-----------------------------------------------------------------------------
                                  0.51   data required time
                                 -0.14   data arrival time
-----------------------------------------------------------------------------
                                  0.37   slack (MET)


Startpoint: S[1] (input port clocked by core_clock)
Endpoint: dff1.Q$_DFFE_PP0N_
          (rising edge-triggered flip-flop clocked by core_clock)
Path Group: core_clock
Path Type: max

Fanout     Cap    Slew   Delay    Time   Description
-----------------------------------------------------------------------------
                  0.00    0.00    0.00   clock core_clock (rise edge)
                          0.00    0.00   clock network delay (ideal)
                          0.09    0.09 ^ input external delay
     1    7.78    0.00    0.00    0.09 ^ S[1] (in)
                                         S[1] (net)
                  0.00    0.00    0.09 ^ input6/A (BUF_X1)
     8   24.82    0.06    0.07    0.17 ^ input6/Z (BUF_X1)
                                         net6 (net)
                  0.06    0.00    0.17 ^ _39_/A (INV_X8)
     6   14.48    0.01    0.01    0.18 v _39_/ZN (INV_X8)
                                         _06_ (net)
                  0.01    0.00    0.18 v _65_/A (OAI21_X1)
     1    1.70    0.02    0.02    0.20 ^ _65_/ZN (OAI21_X1)
                                         _28_ (net)
                  0.02    0.00    0.20 ^ _68_/A1 (NAND3_X1)
     1    3.17    0.01    0.02    0.23 v _68_/ZN (NAND3_X1)
                                         _31_ (net)
                  0.01    0.00    0.23 v _70_/A1 (NAND2_X2)
     1    3.32    0.01    0.02    0.24 ^ _70_/ZN (NAND2_X2)
                                         _33_ (net)
                  0.01    0.00    0.24 ^ _71_/A (INV_X2)
     1    1.41    0.00    0.01    0.25 v _71_/ZN (INV_X2)
                                         _04_ (net)
                  0.00    0.00    0.25 v dff1.Q$_DFFE_PP0N_/D (DFFR_X1)
                                  0.25   data arrival time

                  0.00    0.46    0.46   clock core_clock (rise edge)
                          0.00    0.46   clock network delay (ideal)
                          0.00    0.46   clock reconvergence pessimism
                                  0.46 ^ dff1.Q$_DFFE_PP0N_/CK (DFFR_X1)
                         -0.04    0.42   library setup time
                                  0.42   data required time
-----------------------------------------------------------------------------
                                  0.42   data required time
                                 -0.25   data arrival time
-----------------------------------------------------------------------------
                                  0.17   slack (MET)



==========================================================================
detailed place report_check_types -max_slew -max_cap -max_fanout -violators
--------------------------------------------------------------------------

==========================================================================
detailed place max_slew_check_slack
--------------------------------------------------------------------------
0.1412745863199234

==========================================================================
detailed place max_slew_check_limit
--------------------------------------------------------------------------
0.1985349953174591

==========================================================================
detailed place max_slew_check_slack_limit
--------------------------------------------------------------------------
0.7116

==========================================================================
detailed place max_fanout_check_slack
--------------------------------------------------------------------------
1.0000000150474662e+30

==========================================================================
detailed place max_fanout_check_limit
--------------------------------------------------------------------------
1.0000000150474662e+30

==========================================================================
detailed place max_capacitance_check_slack
--------------------------------------------------------------------------
22.471498489379883

==========================================================================
detailed place max_capacitance_check_limit
--------------------------------------------------------------------------
26.054399490356445

==========================================================================
detailed place max_capacitance_check_slack_limit
--------------------------------------------------------------------------
0.8625

==========================================================================
detailed place max_slew_violation_count
--------------------------------------------------------------------------
max slew violation count 0

==========================================================================
detailed place max_fanout_violation_count
--------------------------------------------------------------------------
max fanout violation count 0

==========================================================================
detailed place max_cap_violation_count
--------------------------------------------------------------------------
max cap violation count 0

==========================================================================
detailed place setup_violation_count
--------------------------------------------------------------------------
setup violation count 0

==========================================================================
detailed place hold_violation_count
--------------------------------------------------------------------------
hold violation count 4

==========================================================================
detailed place report_checks -path_delay max reg to reg
--------------------------------------------------------------------------
Startpoint: dff2.Q$_DFFE_PP0N_
            (rising edge-triggered flip-flop clocked by core_clock)
Endpoint: dff1.Q$_DFFE_PP0N_
          (rising edge-triggered flip-flop clocked by core_clock)
Path Group: core_clock
Path Type: max

  Delay    Time   Description
---------------------------------------------------------
   0.00    0.00   clock core_clock (rise edge)
   0.00    0.00   clock network delay (ideal)
   0.00    0.00 ^ dff2.Q$_DFFE_PP0N_/CK (DFFR_X1)
   0.11    0.11 ^ dff2.Q$_DFFE_PP0N_/Q (DFFR_X1)
   0.02    0.14 v _66_/ZN (NAND3_X1)
   0.02    0.16 ^ _68_/ZN (NAND3_X1)
   0.01    0.18 v _70_/ZN (NAND2_X2)
   0.01    0.19 ^ _71_/ZN (INV_X2)
   0.00    0.19 ^ dff1.Q$_DFFE_PP0N_/D (DFFR_X1)
           0.19   data arrival time

   0.46    0.46   clock core_clock (rise edge)
   0.00    0.46   clock network delay (ideal)
   0.00    0.46   clock reconvergence pessimism
           0.46 ^ dff1.Q$_DFFE_PP0N_/CK (DFFR_X1)
  -0.03    0.43   library setup time
           0.43   data required time
---------------------------------------------------------
           0.43   data required time
          -0.19   data arrival time
---------------------------------------------------------
           0.24   slack (MET)



==========================================================================
detailed place report_checks -path_delay min reg to reg
--------------------------------------------------------------------------
Startpoint: dff3.Q$_DFFE_PP0N_
            (rising edge-triggered flip-flop clocked by core_clock)
Endpoint: dff3.Q$_DFFE_PP0N_
          (rising edge-triggered flip-flop clocked by core_clock)
Path Group: core_clock
Path Type: min

  Delay    Time   Description
---------------------------------------------------------
   0.00    0.00   clock core_clock (rise edge)
   0.00    0.00   clock network delay (ideal)
   0.00    0.00 ^ dff3.Q$_DFFE_PP0N_/CK (DFFR_X1)
   0.09    0.09 v dff3.Q$_DFFE_PP0N_/Q (DFFR_X1)
   0.04    0.13 ^ _50_/ZN (NOR2_X1)
   0.01    0.14 v _56_/ZN (AOI21_X2)
   0.00    0.14 v dff3.Q$_DFFE_PP0N_/D (DFFR_X1)
           0.14   data arrival time

   0.00    0.00   clock core_clock (rise edge)
   0.00    0.00   clock network delay (ideal)
   0.00    0.00   clock reconvergence pessimism
           0.00 ^ dff3.Q$_DFFE_PP0N_/CK (DFFR_X1)
   0.00    0.00   library hold time
           0.00   data required time
---------------------------------------------------------
           0.00   data required time
          -0.14   data arrival time
---------------------------------------------------------
           0.14   slack (MET)



==========================================================================
detailed place critical path target clock latency max path
--------------------------------------------------------------------------
0.0000

==========================================================================
detailed place critical path target clock latency min path
--------------------------------------------------------------------------
0.0000

==========================================================================
detailed place critical path source clock latency min path
--------------------------------------------------------------------------
0.0000

==========================================================================
detailed place critical path delay
--------------------------------------------------------------------------
0.2491

==========================================================================
detailed place critical path slack
--------------------------------------------------------------------------
0.1725

==========================================================================
detailed place slack div critical path delay
--------------------------------------------------------------------------
69.249297

==========================================================================
detailed place report_power
--------------------------------------------------------------------------
Group                  Internal  Switching    Leakage      Total
                          Power      Power      Power      Power (Watts)
----------------------------------------------------------------
Sequential             5.54e-05   8.57e-06   3.44e-07   6.43e-05  46.7%
Combinational          3.52e-05   3.68e-05   1.37e-06   7.34e-05  53.3%
Clock                  0.00e+00   0.00e+00   0.00e+00   0.00e+00   0.0%
Macro                  0.00e+00   0.00e+00   0.00e+00   0.00e+00   0.0%
Pad                    0.00e+00   0.00e+00   0.00e+00   0.00e+00   0.0%
----------------------------------------------------------------
Total                  9.07e-05   4.54e-05   1.72e-06   1.38e-04 100.0%
                          65.8%      32.9%       1.2%
